2025-04-02 17:36:00 | DEBUG | repo=lede | action=commit
2025-02-23 11:34:00 | WARN | repo=lede | action=commit
2024-12-09 20:04:00 | INFO | repo=lede | action=commit
2024-01-21 18:44:00 | INFO | repo=lede | action=pull
2025-06-24 13:11:00 | DEBUG | repo=lede | action=commit
2025-11-24 07:15:00 | WARN | repo=lede | action=pull
2025-02-24 20:19:00 | DEBUG | repo=lede | action=pull
2025-05-17 18:31:00 | DEBUG | repo=lede | action=edit | files=2
2025-12-12 20:40:00 | WARN | repo=lede | action=commit
2025-12-21 20:35:00 | DEBUG | repo=lede | action=commit
2025-01-24 17:07:00 | DEBUG | repo=lede | action=commit
2024-03-10 17:31:00 | INFO | repo=lede | action=commit
2024-12-02 10:34:00 | WARN | repo=lede | action=commit
2024-03-26 07:15:00 | INFO | repo=lede | action=test | passed=true
2024-11-12 08:46:00 | INFO | repo=lede | action=commit
2025-01-20 07:20:00 | DEBUG | repo=lede | action=test | passed=true
2025-06-20 13:02:00 | WARN | repo=lede | action=commit
2024-08-12 18:33:00 | INFO | repo=lede | action=commit
2025-09-08 12:45:00 | WARN | repo=lede | action=commit
2024-06-21 07:54:00 | INFO | repo=lede | action=test | passed=true
2024-11-17 14:21:00 | WARN | repo=lede | action=edit | files=5
2025-03-01 18:47:00 | INFO | repo=lede | action=commit
2024-10-18 20:46:00 | INFO | repo=lede | action=pull
2025-01-12 16:11:00 | INFO | repo=lede | action=edit | files=3
2025-04-17 17:28:00 | DEBUG | repo=lede | action=commit
2025-07-18 12:59:00 | DEBUG | repo=lede | action=edit | files=5
2025-10-07 08:23:00 | DEBUG | repo=lede | action=commit
2025-11-14 07:06:00 | WARN | repo=lede | action=pull
2025-05-18 07:50:00 | WARN | repo=lede | action=pull
2025-10-19 08:46:00 | DEBUG | repo=lede | action=commit
2025-01-15 14:11:00 | WARN | repo=lede | action=test | passed=true
2025-07-16 21:35:00 | WARN | repo=lede | action=pull
2025-05-23 19:30:00 | DEBUG | repo=lede | action=commit
2025-03-21 12:52:00 | WARN | repo=lede | action=commit
2025-04-11 16:23:00 | DEBUG | repo=lede | action=edit | files=4
2025-07-01 11:39:00 | DEBUG | repo=lede | action=pull
2025-02-25 20:36:00 | WARN | repo=lede | action=commit
2025-03-27 21:06:00 | DEBUG | repo=lede | action=edit | files=5
2025-05-13 07:32:00 | WARN | repo=lede | action=commit
2025-04-13 18:59:00 | DEBUG | repo=lede | action=edit | files=2
2025-06-11 10:10:00 | INFO | repo=lede | action=pull
2025-07-13 14:43:00 | WARN | repo=lede | action=commit
2025-11-21 18:04:00 | DEBUG | repo=lede | action=pull
2025-05-10 19:47:00 | DEBUG | repo=lede | action=test | passed=true
2025-12-04 08:41:00 | INFO | repo=lede | action=edit | files=1
2025-01-23 15:35:00 | INFO | repo=lede | action=commit
2025-08-10 11:03:00 | DEBUG | repo=lede | action=pull
2025-02-20 12:08:00 | DEBUG | repo=lede | action=commit
2025-11-26 20:49:00 | INFO | repo=lede | action=commit
2025-04-18 20:55:00 | WARN | repo=lede | action=commit
2025-06-14 13:11:00 | DEBUG | repo=lede | action=commit
2025-11-06 07:12:00 | WARN | repo=lede | action=pull
2025-12-07 16:27:00 | INFO | repo=lede | action=commit
2025-05-16 10:52:00 | INFO | repo=lede | action=commit
2025-07-14 11:50:00 | INFO | repo=lede | action=commit
2025-11-22 10:17:00 | INFO | repo=lede | action=commit
2025-11-27 15:47:00 | INFO | repo=lede | action=commit
2025-12-17 18:15:00 | DEBUG | repo=lede | action=test | passed=true
2025-08-04 17:04:00 | DEBUG | repo=lede | action=commit
2025-06-07 12:36:00 | WARN | repo=lede | action=commit
2025-08-09 20:14:00 | WARN | repo=lede | action=test | passed=true
2025-05-12 19:12:00 | WARN | repo=lede | action=commit
2025-12-09 17:34:00 | INFO | repo=lede | action=commit
2025-09-21 08:59:00 | INFO | repo=lede | action=commit
2025-11-05 21:33:00 | WARN | repo=lede | action=commit
2025-06-07 07:23:00 | INFO | repo=lede | action=commit
2025-07-08 10:43:00 | DEBUG | repo=lede | action=commit
2025-11-15 08:19:00 | WARN | repo=lede | action=commit
2025-08-16 14:54:00 | WARN | repo=lede | action=pull
2025-05-09 13:34:00 | INFO | repo=lede | action=commit
2025-05-07 15:41:00 | WARN | repo=lede | action=test | passed=true
2025-01-15 12:00:00 | DEBUG | repo=lede | action=commit
2025-02-18 17:08:00 | INFO | repo=lede | action=commit
2025-10-21 12:51:00 | WARN | repo=lede | action=commit
2025-11-21 18:13:00 | INFO | repo=lede | action=pull
2025-11-03 19:42:00 | WARN | repo=lede | action=commit
2025-11-08 17:48:00 | INFO | repo=lede | action=commit
2025-07-11 19:01:00 | INFO | repo=lede | action=test | passed=true
2025-10-04 13:11:00 | WARN | repo=lede | action=commit
2025-11-18 07:48:00 | WARN | repo=lede | action=test | passed=true
2025-01-24 11:39:00 | DEBUG | repo=lede | action=commit
2025-05-28 13:13:00 | DEBUG | repo=lede | action=edit | files=3
2025-04-09 10:55:00 | INFO | repo=lede | action=edit | files=5
2025-06-05 07:20:00 | DEBUG | repo=lede | action=edit | files=3
2025-11-24 10:33:00 | WARN | repo=lede | action=commit
2025-08-06 19:59:00 | DEBUG | repo=lede | action=pull
2025-02-26 11:32:00 | INFO | repo=lede | action=commit
2025-10-02 15:20:00 | WARN | repo=lede | action=commit
2025-02-16 09:39:00 | WARN | repo=lede | action=commit
2025-04-16 09:48:00 | INFO | repo=lede | action=edit | files=4
2025-08-20 20:26:00 | WARN | repo=lede | action=commit
2025-07-07 08:53:00 | DEBUG | repo=lede | action=commit
2025-02-03 07:41:00 | DEBUG | repo=lede | action=commit
2025-12-11 08:14:00 | DEBUG | repo=lede | action=commit
2025-01-26 19:26:00 | INFO | repo=lede | action=commit
2025-10-24 21:05:00 | INFO | repo=lede | action=commit
2025-12-28 07:29:00 | INFO | repo=lede | action=commit
2025-09-17 14:20:00 | WARN | repo=lede | action=test | passed=true
2025-02-13 11:15:00 | DEBUG | repo=lede | action=commit
2025-03-17 15:33:00 | WARN | repo=lede | action=commit
2025-06-11 07:35:00 | WARN | repo=lede | action=pull
2025-11-23 14:07:00 | WARN | repo=lede | action=commit
2025-05-20 20:37:00 | DEBUG | repo=lede | action=commit
2025-11-14 15:23:00 | INFO | repo=lede | action=commit
2025-01-17 20:42:00 | INFO | repo=lede | action=commit
2025-01-24 18:11:00 | WARN | repo=lede | action=commit
2025-09-24 08:29:00 | INFO | repo=lede | action=test | passed=true
2025-03-27 10:19:00 | INFO | repo=lede | action=test | passed=true
2025-05-26 12:00:00 | DEBUG | repo=lede | action=commit
2025-12-22 19:35:00 | INFO | repo=lede | action=commit
2025-10-18 21:12:00 | DEBUG | repo=lede | action=commit
2025-10-06 09:48:00 | INFO | repo=lede | action=test | passed=true
2025-10-15 18:43:00 | DEBUG | repo=lede | action=pull
2025-12-24 21:34:00 | DEBUG | repo=lede | action=edit | files=4
2025-10-16 10:25:00 | DEBUG | repo=lede | action=commit
2025-06-28 21:12:00 | WARN | repo=lede | action=commit
2025-04-11 07:40:00 | WARN | repo=lede | action=pull
2025-09-12 07:03:00 | WARN | repo=lede | action=commit
2025-05-11 13:44:00 | INFO | repo=lede | action=commit
2025-12-20 20:54:00 | INFO | repo=lede | action=commit
2025-07-18 16:53:00 | INFO | repo=lede | action=edit | files=5
2025-01-05 20:46:00 | WARN | repo=lede | action=commit
2025-03-10 08:58:00 | DEBUG | repo=lede | action=commit
2025-02-18 20:03:00 | INFO | repo=lede | action=commit
2025-12-08 12:11:00 | INFO | repo=lede | action=test | passed=true
2025-04-25 17:07:00 | WARN | repo=lede | action=pull
2025-07-11 09:59:00 | INFO | repo=lede | action=test | passed=true
2025-09-23 09:56:00 | INFO | repo=lede | action=commit
2025-07-16 21:33:00 | INFO | repo=lede | action=edit | files=2
2025-10-08 07:17:00 | WARN | repo=lede | action=commit
2025-01-09 16:18:00 | WARN | repo=lede | action=edit | files=3
2025-12-26 18:39:00 | DEBUG | repo=lede | action=commit
